09:14:33.200 [background-preinit] INFO  o.h.v.i.util.Version - [<clinit>,21] - HV000001: Hibernate Validator 6.2.3.Final
09:14:34.056 [main] INFO  c.r.s.RuoYiSystemApplication - [logStartupProfileInfo,651] - The following 1 profile is active: "dev"
09:14:36.070 [main] INFO  o.a.c.c.AprLifecycleListener - [log,173] - Loaded Apache Tomcat Native library [1.2.30] using APR version [1.7.0].
09:14:36.070 [main] INFO  o.a.c.c.AprLifecycleListener - [log,173] - APR capabilities: IPv6 [true], sendfile [true], accept filters [false], random [true], UDS [true].
09:14:36.071 [main] INFO  o.a.c.c.AprLifecycleListener - [log,173] - APR/OpenSSL configuration: useAprConnector [false], useOpenSSL [true]
09:14:36.075 [main] INFO  o.a.c.c.AprLifecycleListener - [log,173] - OpenSSL successfully initialized [OpenSSL 1.1.1k  25 Mar 2021]
09:14:36.094 [main] INFO  o.a.c.h.Http11NioProtocol - [log,173] - Initializing ProtocolHandler ["http-nio-9201"]
09:14:36.096 [main] INFO  o.a.c.c.StandardService - [log,173] - Starting service [Tomcat]
09:14:36.096 [main] INFO  o.a.c.c.StandardEngine - [log,173] - Starting Servlet engine: [Apache Tomcat/9.0.63]
09:14:36.413 [main] INFO  o.a.c.c.C.[.[.[/] - [log,173] - Initializing Spring embedded WebApplicationContext
09:14:37.180 [main] INFO  c.a.d.p.DruidDataSource - [init,972] - {dataSource-1,master} inited
09:14:37.181 [main] INFO  c.b.d.d.DynamicRoutingDataSource - [addDataSource,148] - dynamic-datasource - add a datasource named [master] success
09:14:37.181 [main] INFO  c.b.d.d.DynamicRoutingDataSource - [afterPropertiesSet,228] - dynamic-datasource initial loaded [1] datasource,primary datasource named [master]
09:14:39.841 [main] INFO  c.a.c.s.SentinelWebMvcConfigurer - [addInterceptors,52] - [Sentinel Starter] register SentinelWebInterceptor with urlPatterns: [/**].
09:14:41.921 [main] INFO  o.a.c.h.Http11NioProtocol - [log,173] - Starting ProtocolHandler ["http-nio-9201"]
09:14:41.939 [main] INFO  c.a.c.n.r.NacosServiceRegistry - [register,75] - nacos registry, DEFAULT_GROUP ruoyi-system 192.168.10.1:9201 register finished
09:14:42.851 [main] INFO  c.r.s.RuoYiSystemApplication - [logStarted,61] - Started RuoYiSystemApplication in 10.481 seconds (JVM running for 12.087)
09:14:42.859 [main] INFO  c.a.c.n.r.NacosContextRefresher - [registerNacosListenersForApplications,105] - listening config: dataId=ruoyi-system, group=DEFAULT_GROUP
09:14:42.859 [main] INFO  c.a.c.n.r.NacosContextRefresher - [registerNacosListenersForApplications,105] - listening config: dataId=ruoyi-system.yml, group=DEFAULT_GROUP
09:14:42.861 [main] INFO  c.a.c.n.r.NacosContextRefresher - [registerNacosListenersForApplications,105] - listening config: dataId=ruoyi-system-dev.yml, group=DEFAULT_GROUP
09:14:43.284 [RMI TCP Connection(6)-192.168.10.1] INFO  o.a.c.c.C.[.[.[/] - [log,173] - Initializing Spring DispatcherServlet 'dispatcherServlet'
09:18:01.378 [SpringApplicationShutdownHook] INFO  c.a.c.n.r.NacosServiceRegistry - [deregister,94] - De-registering from Nacos Server now...
09:18:01.381 [SpringApplicationShutdownHook] INFO  c.a.c.n.r.NacosServiceRegistry - [deregister,114] - De-registration finished.
09:18:06.325 [SpringApplicationShutdownHook] INFO  c.b.d.d.DynamicRoutingDataSource - [destroy,205] - dynamic-datasource start closing ....
09:18:06.328 [SpringApplicationShutdownHook] INFO  c.a.d.p.DruidDataSource - [close,2051] - {dataSource-1} closing ...
09:18:06.334 [SpringApplicationShutdownHook] INFO  c.a.d.p.DruidDataSource - [close,2124] - {dataSource-1} closed
09:18:06.334 [SpringApplicationShutdownHook] INFO  c.b.d.d.DynamicRoutingDataSource - [destroy,209] - dynamic-datasource all closed success,bye
20:51:04.314 [background-preinit] INFO  o.h.v.i.util.Version - [<clinit>,21] - HV000001: Hibernate Validator 6.2.3.Final
20:51:05.637 [main] INFO  c.r.s.RuoYiSystemApplication - [logStartupProfileInfo,651] - The following 1 profile is active: "dev"
20:51:07.242 [main] INFO  i.s.s.b.a.SeataAutoConfiguration - [globalTransactionScanner,63] - Automatically configure Seata
20:51:07.292 [main] INFO  i.s.c.ConfigurationFactory - [load,69] - load Configuration from :Spring Configuration
20:51:07.296 [main] INFO  i.s.c.ConfigurationFactory - [buildConfiguration,121] - load Configuration from :Spring Configuration
20:51:07.341 [main] INFO  i.s.s.a.GlobalTransactionScanner - [initClient,208] - Initializing Global Transaction Clients ... 
20:51:07.393 [main] INFO  i.s.c.r.n.NettyClientBootstrap - [start,147] - NettyClientBootstrap has started
20:51:07.408 [main] INFO  i.s.s.a.GlobalTransactionScanner - [initClient,222] - Transaction Manager Client is initialized. applicationId[ruoyi-system] txServiceGroup[default_tx_group]
20:51:07.416 [main] INFO  i.s.r.d.AsyncWorker - [<init>,72] - Async Commit Buffer Limit: 10000
20:51:07.417 [main] INFO  i.s.r.d.x.ResourceManagerXA - [init,60] - ResourceManagerXA init ...
20:51:07.424 [main] INFO  i.s.c.r.n.NettyClientBootstrap - [start,147] - NettyClientBootstrap has started
20:51:07.424 [main] INFO  i.s.s.a.GlobalTransactionScanner - [initClient,227] - Resource Manager is initialized. applicationId[ruoyi-system] txServiceGroup[default_tx_group]
20:51:07.424 [main] INFO  i.s.s.a.GlobalTransactionScanner - [initClient,231] - Global Transaction Clients are initialized. 
20:51:08.058 [main] INFO  o.a.c.h.Http11NioProtocol - [log,173] - Initializing ProtocolHandler ["http-nio-9201"]
20:51:08.059 [main] INFO  o.a.c.c.StandardService - [log,173] - Starting service [Tomcat]
20:51:08.059 [main] INFO  o.a.c.c.StandardEngine - [log,173] - Starting Servlet engine: [Apache Tomcat/9.0.63]
20:51:08.313 [main] INFO  o.a.c.c.C.[.[.[/] - [log,173] - Initializing Spring embedded WebApplicationContext
20:51:08.600 [main] INFO  o.a.c.c.StandardService - [log,173] - Stopping service [Tomcat]
21:12:24.864 [background-preinit] INFO  o.h.v.i.util.Version - [<clinit>,21] - HV000001: Hibernate Validator 6.2.3.Final
21:12:25.803 [main] INFO  c.r.s.RuoYiSystemApplication - [logStartupProfileInfo,651] - The following 1 profile is active: "dev"
21:12:27.591 [main] INFO  i.s.s.b.a.SeataAutoConfiguration - [globalTransactionScanner,63] - Automatically configure Seata
21:12:27.632 [main] INFO  i.s.c.ConfigurationFactory - [load,69] - load Configuration from :Spring Configuration
21:12:27.636 [main] INFO  i.s.c.ConfigurationFactory - [buildConfiguration,121] - load Configuration from :Spring Configuration
21:12:27.678 [main] INFO  i.s.s.a.GlobalTransactionScanner - [initClient,208] - Initializing Global Transaction Clients ... 
21:12:27.725 [main] INFO  i.s.c.r.n.NettyClientBootstrap - [start,147] - NettyClientBootstrap has started
21:12:27.739 [main] INFO  i.s.s.a.GlobalTransactionScanner - [initClient,222] - Transaction Manager Client is initialized. applicationId[ruoyi-system] txServiceGroup[default_tx_group]
21:12:27.746 [main] INFO  i.s.r.d.AsyncWorker - [<init>,72] - Async Commit Buffer Limit: 10000
21:12:27.747 [main] INFO  i.s.r.d.x.ResourceManagerXA - [init,60] - ResourceManagerXA init ...
21:12:27.753 [main] INFO  i.s.c.r.n.NettyClientBootstrap - [start,147] - NettyClientBootstrap has started
21:12:27.753 [main] INFO  i.s.s.a.GlobalTransactionScanner - [initClient,227] - Resource Manager is initialized. applicationId[ruoyi-system] txServiceGroup[default_tx_group]
21:12:27.753 [main] INFO  i.s.s.a.GlobalTransactionScanner - [initClient,231] - Global Transaction Clients are initialized. 
21:12:28.328 [main] INFO  o.a.c.h.Http11NioProtocol - [log,173] - Initializing ProtocolHandler ["http-nio-9201"]
21:12:28.328 [main] INFO  o.a.c.c.StandardService - [log,173] - Starting service [Tomcat]
21:12:28.328 [main] INFO  o.a.c.c.StandardEngine - [log,173] - Starting Servlet engine: [Apache Tomcat/9.0.63]
21:12:28.571 [main] INFO  o.a.c.c.C.[.[.[/] - [log,173] - Initializing Spring embedded WebApplicationContext
21:12:28.842 [main] INFO  o.a.c.c.StandardService - [log,173] - Stopping service [Tomcat]
22:31:58.572 [background-preinit] INFO  o.h.v.i.util.Version - [<clinit>,21] - HV000001: Hibernate Validator 6.2.3.Final
22:31:59.600 [main] INFO  c.r.s.RuoYiSystemApplication - [logStartupProfileInfo,651] - The following 1 profile is active: "dev"
22:32:01.808 [main] INFO  o.a.c.h.Http11NioProtocol - [log,173] - Initializing ProtocolHandler ["http-nio-9201"]
22:32:01.808 [main] INFO  o.a.c.c.StandardService - [log,173] - Starting service [Tomcat]
22:32:01.809 [main] INFO  o.a.c.c.StandardEngine - [log,173] - Starting Servlet engine: [Apache Tomcat/9.0.63]
22:32:02.079 [main] INFO  o.a.c.c.C.[.[.[/] - [log,173] - Initializing Spring embedded WebApplicationContext
22:32:02.689 [main] INFO  c.a.d.p.DruidDataSource - [init,972] - {dataSource-1,master} inited
22:32:02.692 [main] INFO  o.a.c.c.StandardService - [log,173] - Stopping service [Tomcat]
22:43:52.314 [background-preinit] INFO  o.h.v.i.util.Version - [<clinit>,21] - HV000001: Hibernate Validator 6.2.3.Final
22:43:53.258 [main] INFO  c.r.s.RuoYiSystemApplication - [logStartupProfileInfo,651] - The following 1 profile is active: "dev"
22:43:55.225 [main] INFO  o.a.c.h.Http11NioProtocol - [log,173] - Initializing ProtocolHandler ["http-nio-9201"]
22:43:55.225 [main] INFO  o.a.c.c.StandardService - [log,173] - Starting service [Tomcat]
22:43:55.226 [main] INFO  o.a.c.c.StandardEngine - [log,173] - Starting Servlet engine: [Apache Tomcat/9.0.63]
22:43:55.491 [main] INFO  o.a.c.c.C.[.[.[/] - [log,173] - Initializing Spring embedded WebApplicationContext
22:43:56.141 [main] INFO  c.a.d.p.DruidDataSource - [init,972] - {dataSource-1,master} inited
22:43:56.142 [main] INFO  c.b.d.d.DynamicRoutingDataSource - [addDataSource,148] - dynamic-datasource - add a datasource named [master] success
22:43:56.143 [main] INFO  c.b.d.d.DynamicRoutingDataSource - [afterPropertiesSet,228] - dynamic-datasource initial loaded [1] datasource,primary datasource named [master]
22:43:59.229 [main] INFO  c.a.c.s.SentinelWebMvcConfigurer - [addInterceptors,52] - [Sentinel Starter] register SentinelWebInterceptor with urlPatterns: [/**].
22:44:01.512 [main] INFO  o.a.c.h.Http11NioProtocol - [log,173] - Starting ProtocolHandler ["http-nio-9201"]
22:44:01.539 [main] INFO  c.a.c.n.r.NacosServiceRegistry - [register,75] - nacos registry, DEFAULT_GROUP ruoyi-system 192.168.52.1:9201 register finished
22:44:02.505 [main] INFO  c.r.s.RuoYiSystemApplication - [logStarted,61] - Started RuoYiSystemApplication in 11.082 seconds (JVM running for 12.763)
22:44:02.515 [main] INFO  c.a.c.n.r.NacosContextRefresher - [registerNacosListenersForApplications,105] - listening config: dataId=ruoyi-system, group=DEFAULT_GROUP
22:44:02.516 [main] INFO  c.a.c.n.r.NacosContextRefresher - [registerNacosListenersForApplications,105] - listening config: dataId=ruoyi-system.yml, group=DEFAULT_GROUP
22:44:02.517 [main] INFO  c.a.c.n.r.NacosContextRefresher - [registerNacosListenersForApplications,105] - listening config: dataId=ruoyi-system-dev.yml, group=DEFAULT_GROUP
22:44:04.346 [RMI TCP Connection(4)-192.168.5.1] INFO  o.a.c.c.C.[.[.[/] - [log,173] - Initializing Spring DispatcherServlet 'dispatcherServlet'
